2016-11-13 12:13:03,928 ERROR [{}] someError
2016-11-13 12:50:42,401 INFO [{}] This is @BeforeClass method
2016-11-13 12:50:42,416 INFO [{}] This is @AfterClass method
2016-11-13 12:54:33,091 INFO [{}] This is @BeforeClass method
2016-11-13 12:54:33,196 INFO [{}] This is @AfterClass method
2016-11-13 12:57:31,213 INFO [{}] This is @BeforeClass method
2016-11-13 12:57:31,263 INFO [{}] This is @AfterClass method
2016-11-13 12:58:44,097 INFO [{}] This is @BeforeClass method
2016-11-13 12:58:44,160 INFO [{}] This is @AfterClass method
2016-11-13 12:59:00,540 INFO [{}] This is @BeforeClass method
2016-11-13 12:59:00,554 INFO [{}] This is @AfterClass method
2016-11-13 12:59:15,588 INFO [{}] This is @BeforeClass method
2016-11-13 12:59:15,611 INFO [{}] This is @AfterClass method
2016-11-13 13:15:04,107 INFO [{}] This is @BeforeClass method
2016-11-13 13:17:09,264 INFO [{}] This is @BeforeClass method
2016-11-13 13:17:09,288 INFO [{}] This is @AfterClass method
2016-11-13 13:18:27,458 INFO [{}] This is @BeforeClass method
2016-11-13 13:18:27,485 INFO [{}] This is @AfterClass method
2016-11-13 13:18:48,880 INFO [{}] This is @BeforeClass method
2016-11-13 13:18:48,900 INFO [{}] This is @AfterClass method
2016-11-13 13:20:29,145 INFO [{}] This is @BeforeClass method
2016-11-13 13:20:29,168 INFO [{}] This is @AfterClass method
2016-11-13 13:22:40,410 INFO [{}] This is @BeforeClass method
2016-11-13 13:22:40,425 INFO [{}] This is @AfterClass method
2016-11-13 13:23:01,719 INFO [{}] This is @BeforeClass method
2016-11-13 13:23:01,742 INFO [{}] This is @AfterClass method
2016-11-13 13:23:50,102 INFO [{}] This is @BeforeClass method
2016-11-13 13:23:50,132 INFO [{}] This is @AfterClass method
2016-11-13 13:30:36,851 INFO [{}] This is @BeforeClass method
2016-11-13 13:30:36,879 INFO [{}] This is @AfterClass method
2016-11-13 13:30:53,581 INFO [{}] This is @BeforeClass method
2016-11-13 13:30:53,630 INFO [{}] This is @AfterClass method
2016-11-13 13:31:35,120 INFO [{}] This is @BeforeClass method
2016-11-13 13:31:35,178 INFO [{}] This is @AfterClass method
2016-11-13 13:32:07,213 INFO [{}] This is @BeforeClass method
2016-11-13 13:32:07,240 INFO [{}] This is @AfterClass method
2016-11-13 13:33:32,824 INFO [{}] This is @BeforeClass method
2016-11-13 13:33:32,849 INFO [{}] This is @AfterClass method
2016-11-13 13:34:56,699 INFO [{}] This is @BeforeClass method
2016-11-13 13:34:56,715 INFO [{}] This is @AfterClass method
2016-11-13 13:35:44,728 INFO [{}] This is @BeforeClass method
2016-11-13 13:35:44,751 INFO [{}] This is @AfterClass method
2016-11-13 13:54:51,627 INFO [{}] This is @BeforeClass method
2016-11-13 13:54:51,661 INFO [{}] This is @AfterClass method
2016-11-13 13:54:55,425 INFO [{}] This is @BeforeClass method
2016-11-13 13:54:55,448 INFO [{}] This is @AfterClass method
2016-11-13 13:55:29,130 INFO [{}] This is @BeforeClass method
2016-11-13 13:56:01,948 INFO [{}] This is @BeforeClass method
2016-11-13 13:56:35,434 INFO [{}] This is @BeforeClass method
2016-11-13 13:56:35,443 INFO [{}] here1
2016-11-13 13:57:06,595 INFO [{}] This is @BeforeClass method
2016-11-13 13:57:06,603 INFO [{}] here1
2016-11-13 13:58:36,064 INFO [{}] This is @BeforeClass method
2016-11-13 13:58:36,229 INFO [{}] here1
2016-11-13 13:58:50,773 INFO [{}] This is @BeforeClass method
2016-11-13 13:58:50,795 INFO [{}] here1
2016-11-13 13:59:08,845 INFO [{}] This is @BeforeClass method
2016-11-13 13:59:08,859 INFO [{}] here1
2016-11-13 14:00:36,180 INFO [{}] This is @BeforeClass method
2016-11-13 14:00:36,205 INFO [{}] here1
2016-11-13 14:00:49,335 INFO [{}] here2
2016-11-13 14:00:49,351 INFO [{}] This is @AfterClass method
2016-11-13 14:00:51,685 INFO [{}] This is @BeforeClass method
2016-11-13 14:00:51,707 INFO [{}] here1
2016-11-13 14:00:51,708 INFO [{}] here2
2016-11-13 14:00:51,723 INFO [{}] This is @AfterClass method
2016-11-13 14:01:21,099 INFO [{}] This is @BeforeClass method
2016-11-13 14:01:21,128 INFO [{}] here1
2016-11-13 14:01:21,129 INFO [{}] here2
2016-11-13 14:01:21,141 INFO [{}] This is @AfterClass method
2016-11-13 14:01:41,272 INFO [{}] This is @BeforeClass method
2016-11-13 14:01:41,289 INFO [{}] here1
2016-11-13 14:01:41,290 INFO [{}] here2
2016-11-13 14:01:41,290 INFO [{}] {два=2, пять=1, один=1, три=1}
2016-11-13 14:01:41,291 INFO [{}] {}
2016-11-13 14:01:41,304 INFO [{}] This is @AfterClass method
2016-11-13 14:02:17,076 INFO [{}] This is @BeforeClass method
2016-11-13 14:02:17,098 INFO [{}] here1
2016-11-13 14:02:17,099 INFO [{}] here2
2016-11-13 14:02:17,099 INFO [{}] report:{два=2, пять=1, один=1, три=1}
2016-11-13 14:02:17,099 INFO [{}] etalon:{}
2016-11-13 14:02:17,126 INFO [{}] This is @AfterClass method
2016-11-13 14:02:37,247 INFO [{}] This is @BeforeClass method
2016-11-13 14:02:37,266 INFO [{}] here1
2016-11-13 14:02:37,267 INFO [{}] here2
2016-11-13 14:02:37,267 INFO [{}] report:{}
2016-11-13 14:02:37,268 INFO [{}] etalon:{два=2, пять=1, один=1, три=1}
2016-11-13 14:02:37,281 INFO [{}] This is @AfterClass method
2016-11-13 14:03:36,593 INFO [{}] This is @BeforeClass method
2016-11-13 14:03:36,599 INFO [{}] один два  три 5 два; .пять
2016-11-13 14:03:36,609 INFO [{}] here1
2016-11-13 14:03:36,609 INFO [{}] here2
2016-11-13 14:03:36,610 INFO [{}] report:{}
2016-11-13 14:03:36,610 INFO [{}] etalon:{два=2, пять=1, один=1, три=1}
2016-11-13 14:03:36,624 INFO [{}] This is @AfterClass method
2016-11-13 14:05:16,733 INFO [{}] This is @BeforeClass method
2016-11-13 14:05:16,753 INFO [{}] here1
2016-11-13 14:05:16,754 INFO [{}] один два  три 5 два; .пять
2016-11-13 14:05:16,755 INFO [{}] here2
2016-11-13 14:05:16,755 INFO [{}] report:{}
2016-11-13 14:05:16,756 INFO [{}] etalon:{два=2, пять=1, один=1, три=1}
2016-11-13 14:05:16,771 INFO [{}] This is @AfterClass method
2016-11-13 14:05:48,449 INFO [{}] This is @BeforeClass method
2016-11-13 14:05:48,474 INFO [{}] here1
2016-11-13 14:06:33,485 INFO [{}] here2
2016-11-13 14:06:33,486 INFO [{}] report:{}
2016-11-13 14:06:33,486 INFO [{}] etalon:{два=2, пять=1, один=1, три=1}
2016-11-13 14:06:33,501 INFO [{}] This is @AfterClass method
2016-11-13 14:06:52,474 INFO [{}] This is @BeforeClass method
2016-11-13 14:06:52,505 INFO [{}] here1
2016-11-13 14:06:58,662 INFO [{}] here2
2016-11-13 14:06:58,662 INFO [{}] report:{}
2016-11-13 14:06:58,663 INFO [{}] etalon:{два=2, пять=1, один=1, три=1}
2016-11-13 14:06:58,677 INFO [{}] This is @AfterClass method
2016-11-13 14:07:05,451 INFO [{}] This is @BeforeClass method
2016-11-13 14:07:05,476 INFO [{}] here1
2016-11-13 14:08:34,157 INFO [{}] here2
2016-11-13 14:08:34,159 INFO [{}] report:{}
2016-11-13 14:08:34,159 INFO [{}] etalon:{два=2, пять=1, один=1, три=1}
2016-11-13 14:08:34,174 INFO [{}] This is @AfterClass method
2016-11-13 14:08:38,327 INFO [{}] This is @BeforeClass method
2016-11-13 14:08:38,357 INFO [{}] here1
2016-11-13 14:09:09,685 INFO [{}] here2
2016-11-13 14:09:09,687 INFO [{}] report:{}
2016-11-13 14:09:09,687 INFO [{}] etalon:{два=2, пять=1, один=1, три=1}
2016-11-13 14:09:09,703 INFO [{}] This is @AfterClass method
2016-11-13 14:09:13,488 INFO [{}] This is @BeforeClass method
2016-11-13 14:09:13,521 INFO [{}] here1
2016-11-13 14:09:36,022 INFO [{}] here2
2016-11-13 14:09:36,023 INFO [{}] report:{}
2016-11-13 14:09:36,024 INFO [{}] etalon:{два=2, пять=1, один=1, три=1}
2016-11-13 14:09:36,039 INFO [{}] This is @AfterClass method
2016-11-13 14:09:39,920 INFO [{}] This is @BeforeClass method
2016-11-13 14:09:39,945 INFO [{}] here1
2016-11-13 14:12:01,174 INFO [{}] here2
2016-11-13 14:12:01,175 INFO [{}] report:{}
2016-11-13 14:12:01,176 INFO [{}] etalon:{два=2, пять=1, один=1, три=1}
2016-11-13 14:12:01,190 INFO [{}] This is @AfterClass method
2016-11-13 14:12:06,344 INFO [{}] This is @BeforeClass method
2016-11-13 14:12:06,375 INFO [{}] here1
2016-11-13 14:13:33,293 INFO [{}] here2
2016-11-13 14:13:33,294 INFO [{}] report:{}
2016-11-13 14:13:33,295 INFO [{}] etalon:{два=2, пять=1, один=1, три=1}
2016-11-13 14:13:33,310 INFO [{}] This is @AfterClass method
2016-11-13 14:13:37,705 INFO [{}] This is @BeforeClass method
2016-11-13 14:13:37,729 INFO [{}] here1
2016-11-13 14:14:38,381 INFO [{}] here2
2016-11-13 14:14:38,383 INFO [{}] report:{}
2016-11-13 14:14:38,383 INFO [{}] etalon:{два=2, пять=1, один=1, три=1}
2016-11-13 14:14:38,398 INFO [{}] This is @AfterClass method
2016-11-13 14:14:42,424 INFO [{}] This is @BeforeClass method
2016-11-13 14:14:42,448 INFO [{}] here1
2016-11-13 14:15:13,702 INFO [{}] here2
2016-11-13 14:15:13,703 INFO [{}] report:{}
2016-11-13 14:15:13,703 INFO [{}] etalon:{два=2, пять=1, один=1, три=1}
2016-11-13 14:15:13,718 INFO [{}] This is @AfterClass method
2016-11-13 14:15:17,162 INFO [{}] This is @BeforeClass method
2016-11-13 14:15:17,182 INFO [{}] here1
2016-11-13 14:15:17,182 INFO [{}] here2
2016-11-13 14:15:17,183 INFO [{}] report:{}
2016-11-13 14:15:17,184 INFO [{}] etalon:{два=2, пять=1, один=1, три=1}
2016-11-13 14:15:17,198 INFO [{}] This is @AfterClass method
2016-11-13 14:15:27,258 INFO [{}] This is @BeforeClass method
2016-11-13 14:15:27,285 INFO [{}] here1
2016-11-13 14:15:48,102 INFO [{}] here2
2016-11-13 14:15:48,103 INFO [{}] report:{}
2016-11-13 14:15:48,104 INFO [{}] etalon:{два=2, пять=1, один=1, три=1}
2016-11-13 14:15:48,121 INFO [{}] This is @AfterClass method
2016-11-13 14:15:52,871 INFO [{}] This is @BeforeClass method
2016-11-13 14:15:52,901 INFO [{}] here1
2016-11-13 14:16:09,030 INFO [{}] here2
2016-11-13 14:16:09,031 INFO [{}] report:{}
2016-11-13 14:16:09,031 INFO [{}] etalon:{два=2, пять=1, один=1, три=1}
2016-11-13 14:16:09,047 INFO [{}] This is @AfterClass method
2016-11-13 14:16:12,849 INFO [{}] This is @BeforeClass method
2016-11-13 14:16:12,874 INFO [{}] here1
2016-11-13 14:16:46,886 INFO [{}] here2
2016-11-13 14:16:46,887 INFO [{}] report:{}
2016-11-13 14:16:46,887 INFO [{}] etalon:{два=2, пять=1, один=1, три=1}
2016-11-13 14:16:46,902 INFO [{}] This is @AfterClass method
2016-11-13 14:16:50,659 INFO [{}] This is @BeforeClass method
2016-11-13 14:16:50,695 INFO [{}] here1
2016-11-13 14:17:21,997 INFO [{}] here2
2016-11-13 14:17:21,999 INFO [{}] report:{}
2016-11-13 14:17:21,999 INFO [{}] etalon:{два=2, пять=1, один=1, три=1}
2016-11-13 14:17:22,013 INFO [{}] This is @AfterClass method
2016-11-13 14:17:26,284 INFO [{}] This is @BeforeClass method
2016-11-13 14:17:26,306 INFO [{}] here1
2016-11-13 14:17:43,382 INFO [{}] here2
2016-11-13 14:17:43,383 INFO [{}] report:{}
2016-11-13 14:17:43,383 INFO [{}] etalon:{два=2, пять=1, один=1, три=1}
2016-11-13 14:17:43,399 INFO [{}] This is @AfterClass method
2016-11-13 14:17:47,213 INFO [{}] This is @BeforeClass method
2016-11-13 14:17:47,235 INFO [{}] here1
2016-11-13 14:18:00,805 INFO [{}] here2
2016-11-13 14:18:00,807 INFO [{}] report:{}
2016-11-13 14:18:00,807 INFO [{}] etalon:{два=2, пять=1, один=1, три=1}
2016-11-13 14:18:00,823 INFO [{}] This is @AfterClass method
2016-11-13 14:18:04,677 INFO [{}] This is @BeforeClass method
2016-11-13 14:18:04,700 INFO [{}] here1
2016-11-13 14:18:49,670 INFO [{}] here2
2016-11-13 14:18:49,671 INFO [{}] report:{}
2016-11-13 14:18:49,671 INFO [{}] etalon:{два=2, пять=1, один=1, три=1}
2016-11-13 14:18:49,687 INFO [{}] This is @AfterClass method
2016-11-13 14:18:53,307 INFO [{}] This is @BeforeClass method
2016-11-13 14:18:53,330 INFO [{}] here1
2016-11-13 14:20:29,508 INFO [{}] here2
2016-11-13 14:20:29,510 INFO [{}] report:{}
2016-11-13 14:20:29,510 INFO [{}] etalon:{два=2, пять=1, один=1, три=1}
2016-11-13 14:20:29,526 INFO [{}] This is @AfterClass method
2016-11-13 14:20:33,012 INFO [{}] This is @BeforeClass method
2016-11-13 14:20:33,034 INFO [{}] here1
2016-11-13 14:20:33,035 INFO [{}] here2
2016-11-13 14:20:33,036 INFO [{}] report:{}
2016-11-13 14:20:33,037 INFO [{}] etalon:{два=2, пять=1, один=1, три=1}
2016-11-13 14:20:33,056 INFO [{}] This is @AfterClass method
2016-11-13 14:20:53,945 INFO [{}] This is @BeforeClass method
2016-11-13 14:20:53,970 INFO [{}] here1
2016-11-13 14:21:20,958 INFO [{}] here2
2016-11-13 14:21:20,959 INFO [{}] report:{}
2016-11-13 14:21:20,960 INFO [{}] etalon:{два=2, пять=1, один=1, три=1}
2016-11-13 14:21:20,976 INFO [{}] This is @AfterClass method
2016-11-13 14:21:23,781 INFO [{}] This is @BeforeClass method
2016-11-13 14:21:23,807 INFO [{}] here1
2016-11-13 14:21:56,574 INFO [{}] here2
2016-11-13 14:21:56,576 INFO [{}] report:{}
2016-11-13 14:21:56,576 INFO [{}] etalon:{два=2, пять=1, один=1, три=1}
2016-11-13 14:21:56,591 INFO [{}] This is @AfterClass method
2016-11-13 14:21:59,250 INFO [{}] This is @BeforeClass method
2016-11-13 14:21:59,274 INFO [{}] here1
2016-11-13 14:23:20,814 INFO [{}] here2
2016-11-13 14:23:20,815 INFO [{}] report:{}
2016-11-13 14:23:20,815 INFO [{}] etalon:{два=2, пять=1, один=1, три=1}
2016-11-13 14:23:20,831 INFO [{}] This is @AfterClass method
2016-11-13 14:23:23,709 INFO [{}] This is @BeforeClass method
2016-11-13 14:23:23,736 INFO [{}] here1
2016-11-13 14:25:54,974 INFO [{}] here2
2016-11-13 14:25:54,975 INFO [{}] report:{}
2016-11-13 14:25:54,976 INFO [{}] etalon:{два=2, пять=1, один=1, три=1}
2016-11-13 14:25:54,992 INFO [{}] This is @AfterClass method
2016-11-13 14:25:58,554 INFO [{}] This is @BeforeClass method
2016-11-13 14:25:58,584 INFO [{}] here1
2016-11-13 14:26:22,821 INFO [{}] here2
2016-11-13 14:26:22,823 INFO [{}] report:{}
2016-11-13 14:26:22,823 INFO [{}] etalon:{два=2, пять=1, один=1, три=1}
2016-11-13 14:26:22,839 INFO [{}] This is @AfterClass method
2016-11-13 14:26:26,997 INFO [{}] This is @BeforeClass method
2016-11-13 14:26:27,029 INFO [{}] here1
2016-11-13 14:30:32,508 INFO [{}] here2
2016-11-13 14:30:32,510 INFO [{}] report:{}
2016-11-13 14:30:32,510 INFO [{}] etalon:{два=2, пять=1, один=1, три=1}
2016-11-13 14:30:32,525 INFO [{}] This is @AfterClass method
2016-11-13 14:30:36,479 INFO [{}] This is @BeforeClass method
2016-11-13 14:30:36,513 INFO [{}] here1
2016-11-13 14:31:59,645 INFO [{}] here2
2016-11-13 14:31:59,646 INFO [{}] report:{}
2016-11-13 14:31:59,646 INFO [{}] etalon:{два=2, пять=1, один=1, три=1}
2016-11-13 14:31:59,663 INFO [{}] This is @AfterClass method
2016-11-13 14:32:08,510 INFO [{}] This is @BeforeClass method
2016-11-13 14:32:08,536 INFO [{}] here1
2016-11-13 14:33:10,030 INFO [{}] here2
2016-11-13 14:33:10,031 INFO [{}] report:{}
2016-11-13 14:33:10,032 INFO [{}] etalon:{два=2, пять=1, один=1, три=1}
2016-11-13 14:33:10,048 INFO [{}] This is @AfterClass method
2016-11-13 14:33:13,769 INFO [{}] This is @BeforeClass method
2016-11-13 14:33:13,800 INFO [{}] here1
2016-11-13 14:33:33,054 INFO [{}] here2
2016-11-13 14:33:33,055 INFO [{}] report:{}
2016-11-13 14:33:33,055 INFO [{}] etalon:{два=2, пять=1, один=1, три=1}
2016-11-13 14:33:33,071 INFO [{}] This is @AfterClass method
2016-11-13 14:33:36,728 INFO [{}] This is @BeforeClass method
2016-11-13 14:33:36,758 INFO [{}] here1
2016-11-13 14:33:49,919 INFO [{}] here2
2016-11-13 14:33:49,921 INFO [{}] report:{}
2016-11-13 14:33:49,921 INFO [{}] etalon:{два=2, пять=1, один=1, три=1}
2016-11-13 14:33:49,937 INFO [{}] This is @AfterClass method
2016-11-13 14:33:53,820 INFO [{}] This is @BeforeClass method
2016-11-13 14:33:53,852 INFO [{}] here1
2016-11-13 14:34:08,926 INFO [{}] here2
2016-11-13 14:34:08,927 INFO [{}] report:{}
2016-11-13 14:34:08,927 INFO [{}] etalon:{два=2, пять=1, один=1, три=1}
2016-11-13 14:34:08,943 INFO [{}] This is @AfterClass method
2016-11-13 14:34:12,684 INFO [{}] This is @BeforeClass method
2016-11-13 14:34:12,712 INFO [{}] here1
2016-11-13 14:34:29,486 INFO [{}] here2
2016-11-13 14:34:29,487 INFO [{}] report:{}
2016-11-13 14:34:29,487 INFO [{}] etalon:{два=2, пять=1, один=1, три=1}
2016-11-13 14:34:29,502 INFO [{}] This is @AfterClass method
2016-11-13 14:34:33,458 INFO [{}] This is @BeforeClass method
2016-11-13 14:34:33,486 INFO [{}] here1
2016-11-13 14:34:45,414 INFO [{}] here2
2016-11-13 14:34:45,415 INFO [{}] report:{}
2016-11-13 14:34:45,415 INFO [{}] etalon:{два=2, пять=1, один=1, три=1}
2016-11-13 14:34:45,431 INFO [{}] This is @AfterClass method
2016-11-13 14:34:49,200 INFO [{}] This is @BeforeClass method
2016-11-13 14:34:49,230 INFO [{}] here1
2016-11-13 15:18:45,272 INFO [{}] here2
2016-11-13 15:18:45,287 INFO [{}] report:{}
2016-11-13 15:18:45,287 INFO [{}] etalon:{два=2, пять=1, один=1, три=1}
2016-11-13 15:18:45,329 INFO [{}] This is @AfterClass method
2016-11-13 15:18:50,242 INFO [{}] This is @BeforeClass method
2016-11-13 15:18:50,272 INFO [{}] here1
2016-11-13 15:19:26,982 INFO [{}] here2
2016-11-13 15:19:26,983 INFO [{}] report:{}
2016-11-13 15:19:26,984 INFO [{}] etalon:{два=2, пять=1, один=1, три=1}
2016-11-13 15:19:26,998 INFO [{}] This is @AfterClass method
2016-11-13 15:19:29,724 INFO [{}] This is @BeforeClass method
2016-11-13 15:19:29,777 INFO [{}] here1
2016-11-13 15:20:12,127 INFO [{}] This is @BeforeClass method
2016-11-13 15:20:12,247 INFO [{}] here1
2016-11-13 15:20:45,846 INFO [{}] here2
2016-11-13 15:20:45,847 INFO [{}] report:{}
2016-11-13 15:20:45,848 INFO [{}] etalon:{два=2, пять=1, один=1, три=1}
2016-11-13 15:20:45,865 INFO [{}] This is @AfterClass method
2016-11-13 15:20:51,544 INFO [{}] This is @BeforeClass method
2016-11-13 15:20:51,679 INFO [{}] here1
2016-11-13 15:21:56,222 INFO [{}] here2
2016-11-13 15:21:56,224 INFO [{}] report:{два=1, пять=1, один=1, три=1}
2016-11-13 15:21:56,224 INFO [{}] etalon:{два=2, пять=1, один=1, три=1}
2016-11-13 15:21:56,239 INFO [{}] This is @AfterClass method
2016-11-13 15:22:00,293 INFO [{}] This is @BeforeClass method
2016-11-13 15:22:00,414 INFO [{}] here1
2016-11-13 15:23:25,518 INFO [{}] here2
2016-11-13 15:23:25,519 INFO [{}] report:{два=1, пять=1, один=1, три=1}
2016-11-13 15:23:25,519 INFO [{}] etalon:{два=2, пять=1, один=1, три=1}
2016-11-13 15:23:25,539 INFO [{}] This is @AfterClass method
2016-11-13 15:23:29,133 INFO [{}] This is @BeforeClass method
2016-11-13 15:23:29,250 INFO [{}] here1
2016-11-13 15:25:27,998 INFO [{}] here2
2016-11-13 15:25:27,999 INFO [{}] report:{два=1, пять=1, один=1, три=1}
2016-11-13 15:25:28,000 INFO [{}] etalon:{два=2, пять=1, один=1, три=1}
2016-11-13 15:25:28,016 INFO [{}] This is @AfterClass method
2016-11-13 15:25:31,923 INFO [{}] This is @BeforeClass method
2016-11-13 15:25:32,051 INFO [{}] here1
2016-11-13 15:26:31,687 INFO [{}] here2
2016-11-13 15:26:31,688 INFO [{}] report:{два=1, пять=1, один=1, три=1}
2016-11-13 15:26:31,688 INFO [{}] etalon:{два=2, пять=1, один=1, три=1}
2016-11-13 15:26:31,703 INFO [{}] This is @AfterClass method
2016-11-13 15:26:35,734 INFO [{}] This is @BeforeClass method
2016-11-13 15:26:35,848 INFO [{}] here1
2016-11-13 15:26:35,861 INFO [{}] here2
2016-11-13 15:26:35,861 INFO [{}] report:{}
2016-11-13 15:26:35,861 INFO [{}] etalon:{два=2, пять=1, один=1, три=1}
2016-11-13 15:26:35,877 INFO [{}] This is @AfterClass method
2016-11-13 15:26:39,031 INFO [{}] This is @BeforeClass method
2016-11-13 15:26:39,154 INFO [{}] here1
2016-11-13 15:28:36,567 INFO [{}] here2
2016-11-13 15:28:36,568 INFO [{}] report:{}
2016-11-13 15:28:36,568 INFO [{}] etalon:{два=2, пять=1, один=1, три=1}
2016-11-13 15:28:36,585 INFO [{}] This is @AfterClass method
2016-11-13 15:28:41,455 INFO [{}] This is @BeforeClass method
2016-11-13 15:28:41,579 INFO [{}] here1
2016-11-13 15:29:06,511 INFO [{}] here2
2016-11-13 15:29:06,512 INFO [{}] report:{два=2, пять=1, один=1, три=1}
2016-11-13 15:29:06,512 INFO [{}] etalon:{два=2, пять=1, один=1, три=1}
2016-11-13 15:29:06,516 INFO [{}] This is @AfterClass method
2016-11-13 15:29:40,758 INFO [{}] This is @BeforeClass method
2016-11-13 15:29:40,870 INFO [{}] here1
2016-11-13 15:29:40,884 INFO [{}] here2
2016-11-13 15:29:40,885 INFO [{}] report:{два=2, пять=1, один=1, три=1}
2016-11-13 15:29:40,885 INFO [{}] etalon:{два=2, пять=1, один=1, три=1}
2016-11-13 15:29:40,889 INFO [{}] This is @AfterClass method
2016-11-13 15:31:05,340 INFO [{}] This is @BeforeClass method
2016-11-13 15:31:05,457 INFO [{}] here1
2016-11-13 15:31:05,467 INFO [{}] here2
2016-11-13 15:31:05,467 INFO [{}] report:{два=2, пять=1, один=1, три=1}
2016-11-13 15:31:05,468 INFO [{}] etalon:{два=2, пять=1, один=1, три=1}
2016-11-13 15:31:05,470 INFO [{}] This is @AfterClass method
2016-11-13 15:42:15,711 INFO [{}] ../test/poem1.txt
2016-11-13 15:42:15,830 INFO [{}] {}
2016-11-13 15:46:43,956 INFO [{}] ../test/poem1.txt
2016-11-13 15:47:05,863 INFO [{}] {}
2016-11-13 15:47:43,521 INFO [{}] ../test/poem1.txt
2016-11-13 15:48:02,734 INFO [{}] {}
2016-11-13 15:48:10,304 INFO [{}] ../test/poem1.txt
2016-11-13 15:48:18,935 INFO [{}] {}
2016-11-13 15:48:26,821 INFO [{}] ../test/poem1.txt
2016-11-13 15:48:26,844 INFO [{}] {}
2016-11-13 15:49:35,072 INFO [{}] ../test/poem1.txt
2016-11-13 15:50:06,870 INFO [{}] {}
2016-11-13 16:42:55,417 INFO [{}] This is @BeforeClass method
2016-11-13 16:42:55,495 INFO [{}] This is @AfterClass method
2016-11-13 16:43:05,014 INFO [{}] This is @BeforeClass method
2016-11-13 16:43:05,043 INFO [{}] {два=2, пять=1, один=1, три=1}
2016-11-13 16:43:05,128 INFO [{}] report:{два=2, пять=1, один=1, три=1}
2016-11-13 16:43:05,128 INFO [{}] etalon:{два=2, пять=1, один=1, три=1}
2016-11-13 16:43:05,130 INFO [{}] This is @AfterClass method
2016-11-13 16:54:56,415 INFO [{}] This is @BeforeClass method
2016-11-13 16:54:56,433 INFO [{}] 69050016{два=2, пять=1, один=1, три=1}
2016-11-13 16:54:56,527 INFO [{}] report:{два=2, пять=1, один=1, три=1}
2016-11-13 16:54:56,527 INFO [{}] etalon:{два=2, пять=1, один=1, три=1}
2016-11-13 16:54:56,530 INFO [{}] This is @AfterClass method
